<?xml version="1.0" encoding="UTF-8"?>
<testng-results ignored="0" total="1" passed="1" failed="0" skipped="0">
  <reporter-output>
  </reporter-output>
  <suite started-at="2022-11-12T16:16:13 ICT" name="Default Suite" finished-at="2022-11-12T16:16:39 ICT" duration-ms="26595">
    <groups>
      <group name="cucumber">
        <method signature="AbstractTestNGCucumberTests.runScenario(io.cucumber.testng.PickleWrapper,io.cucumber.testng.FeatureWrapper)[pri:0, instance:com.technical.runner.TestRunner@aa549e5]" name="runScenario" class="io.cucumber.testng.AbstractTestNGCucumberTests"/>
      </group> <!-- cucumber -->
    </groups>
    <test started-at="2022-11-12T16:16:13 ICT" name="CucumberSeleniumTestNG" finished-at="2022-11-12T16:16:39 ICT" duration-ms="26595">
      <class name="com.technical.runner.TestRunner">
        <test-method is-config="true" signature="setUpClass(org.testng.ITestContext)[pri:0, instance:com.technical.runner.TestRunner@aa549e5]" started-at="2022-11-12T16:16:13 ICT" name="setUpClass" finished-at="2022-11-12T16:16:13 ICT" duration-ms="31" status="PASS">
          <params>
            <param index="0">
              <value>
                <![CDATA[org.testng.TestRunner@13da7ab0]]>
              </value>
            </param>
          </params>
          <reporter-output>
          </reporter-output>
        </test-method> <!-- setUpClass -->
        <test-method signature="runScenario(io.cucumber.testng.PickleWrapper,io.cucumber.testng.FeatureWrapper)[pri:0, instance:com.technical.runner.TestRunner@aa549e5]" started-at="2022-11-12T16:16:13 ICT" name="runScenario" description="Runs Cucumber Scenarios" data-provider="scenarios" finished-at="2022-11-12T16:16:39 ICT" duration-ms="26449" status="PASS">
          <params>
            <param index="0">
              <value>
                <![CDATA["User select menu in drop down"]]>
              </value>
            </param>
            <param index="1">
              <value>
                <![CDATA["Select Menu"]]>
              </value>
            </param>
          </params>
          <reporter-output>
          </reporter-output>
        </test-method> <!-- runScenario -->
        <test-method is-config="true" signature="tearDownClass()[pri:0, instance:com.technical.runner.TestRunner@aa549e5]" started-at="2022-11-12T16:16:39 ICT" name="tearDownClass" finished-at="2022-11-12T16:16:39 ICT" duration-ms="87" status="PASS">
          <reporter-output>
          </reporter-output>
        </test-method> <!-- tearDownClass -->
      </class> <!-- com.technical.runner.TestRunner -->
    </test> <!-- CucumberSeleniumTestNG -->
  </suite> <!-- Default Suite -->
</testng-results>
