<?xml version="1.0" encoding="UTF-8"?>
<testng-results ignored="0" total="1" passed="1" failed="0" skipped="0">
  <reporter-output>
  </reporter-output>
  <suite started-at="2022-11-07T23:42:26 ICT" name="Default Suite" finished-at="2022-11-07T23:42:27 ICT" duration-ms="185">
    <groups>
      <group name="cucumber">
        <method signature="AbstractTestNGCucumberTests.runScenario(io.cucumber.testng.PickleWrapper,io.cucumber.testng.FeatureWrapper)[pri:0, instance:com.technical.runner.TestRunner@2974f221]" name="runScenario" class="io.cucumber.testng.AbstractTestNGCucumberTests"/>
      </group> <!-- cucumber -->
    </groups>
    <test started-at="2022-11-07T23:42:26 ICT" name="CucumberSeleniumTestNG" finished-at="2022-11-07T23:42:27 ICT" duration-ms="185">
      <class name="com.technical.runner.TestRunner">
        <test-method is-config="true" signature="setUpClass(org.testng.ITestContext)[pri:0, instance:com.technical.runner.TestRunner@2974f221]" started-at="2022-11-07T23:42:26 ICT" name="setUpClass" finished-at="2022-11-07T23:42:26 ICT" duration-ms="31" status="PASS">
          <params>
            <param index="0">
              <value>
                <![CDATA[org.testng.TestRunner@74f7d1d2]]>
              </value>
            </param>
          </params>
          <reporter-output>
          </reporter-output>
        </test-method> <!-- setUpClass -->
        <test-method signature="runScenario(io.cucumber.testng.PickleWrapper,io.cucumber.testng.FeatureWrapper)[pri:0, instance:com.technical.runner.TestRunner@2974f221]" started-at="2022-11-07T23:42:26 ICT" name="runScenario" description="Runs Cucumber Scenarios" data-provider="scenarios" finished-at="2022-11-07T23:42:26 ICT" duration-ms="95" status="PASS">
          <params>
            <param index="0">
              <value>
                <![CDATA["User select menu in drop down"]]>
              </value>
            </param>
            <param index="1">
              <value>
                <![CDATA["Select Menu"]]>
              </value>
            </param>
          </params>
          <reporter-output>
          </reporter-output>
        </test-method> <!-- runScenario -->
        <test-method is-config="true" signature="tearDownClass()[pri:0, instance:com.technical.runner.TestRunner@2974f221]" started-at="2022-11-07T23:42:26 ICT" name="tearDownClass" finished-at="2022-11-07T23:42:27 ICT" duration-ms="46" status="PASS">
          <reporter-output>
          </reporter-output>
        </test-method> <!-- tearDownClass -->
      </class> <!-- com.technical.runner.TestRunner -->
    </test> <!-- CucumberSeleniumTestNG -->
  </suite> <!-- Default Suite -->
</testng-results>
